<?xml version="1.0" encoding="UTF-8"?>
<!-- Generated by org.testng.reporters.JUnitXMLReporter -->
<testsuite ignored="0" hostname="DESKTOP-MB88GO5" failures="0" tests="2" name="Default test" time="0.063" errors="0" timestamp="2022-02-11T16:46:37 IST">
  <testcase classname="TestPack.testNgClass1" name="@BeforeTest launchTheBrowser" time="-1.644578197785E9">
    <failure type="org.testng.TestNGException" message="
Parameter &amp;apos;browser&amp;apos; is required by BeforeTest on method launchTheBrowser but has not been marked @Optional or defined
in C:\Users\dhiraj\AppData\Local\Temp\testng-eclipse-495372619\testng-customsuite.xml">
      <![CDATA[org.testng.TestNGException: 
Parameter 'browser' is required by BeforeTest on method launchTheBrowser but has not been marked @Optional or defined
in C:\Users\dhiraj\AppData\Local\Temp\testng-eclipse-495372619\testng-customsuite.xml
at org.testng.internal.Parameters.createParams(Parameters.java:270)
at org.testng.internal.Parameters.createParametersForMethod(Parameters.java:358)
at org.testng.internal.Parameters.createParameters(Parameters.java:700)
at org.testng.internal.Parameters.createConfigurationParameters(Parameters.java:168)
at org.testng.internal.ConfigInvoker.invokeConfigurations(ConfigInvoker.java:302)
at org.testng.TestRunner.invokeTestConfigurations(TestRunner.java:637)
at org.testng.TestRunner.beforeRun(TestRunner.java:627)
at org.testng.TestRunner.run(TestRunner.java:589)
at org.testng.SuiteRunner.runTest(SuiteRunner.java:377)
at org.testng.SuiteRunner.runSequentially(SuiteRunner.java:371)
at org.testng.SuiteRunner.privateRun(SuiteRunner.java:332)
at org.testng.SuiteRunner.run(SuiteRunner.java:276)
at org.testng.SuiteRunnerWorker.runSuite(SuiteRunnerWorker.java:53)
at org.testng.SuiteRunnerWorker.run(SuiteRunnerWorker.java:96)
at org.testng.TestNG.runSuitesSequentially(TestNG.java:1212)
at org.testng.TestNG.runSuitesLocally(TestNG.java:1134)
at org.testng.TestNG.runSuites(TestNG.java:1063)
at org.testng.TestNG.run(TestNG.java:1031)
at org.testng.remote.AbstractRemoteTestNG.run(AbstractRemoteTestNG.java:115)
at org.testng.remote.RemoteTestNG.initAndRun(RemoteTestNG.java:251)
at org.testng.remote.RemoteTestNG.main(RemoteTestNG.java:77)
]]>
    </failure>
  </testcase> <!-- @BeforeTest launchTheBrowser -->
  <testcase classname="TestPack.testNgClass1" name="@BeforeClass createPOMobjects" time="-1.644578197811E9">
    <skipped/>
  </testcase> <!-- @BeforeClass createPOMobjects -->
  <testcase classname="TestPack.testNgClass1" name="@BeforeMethod openTheURL" time="-1.644578197825E9">
    <skipped/>
  </testcase> <!-- @BeforeMethod openTheURL -->
  <testcase classname="TestPack.testNgClass1" name="@AfterMethod logOutFromApplication" time="-1.64457819783E9">
    <skipped/>
  </testcase> <!-- @AfterMethod logOutFromApplication -->
  <testcase classname="TestPack.testNgClass1" name="@BeforeMethod openTheURL" time="-1.644578197832E9">
    <skipped/>
  </testcase> <!-- @BeforeMethod openTheURL -->
  <testcase classname="TestPack.testNgClass1" name="@AfterMethod logOutFromApplication" time="-1.644578197838E9">
    <skipped/>
  </testcase> <!-- @AfterMethod logOutFromApplication -->
  <testcase classname="TestPack.testNgClass1" name="@AfterClass clearPomObject" time="-1.644578197839E9">
    <skipped/>
  </testcase> <!-- @AfterClass clearPomObject -->
  <testcase classname="TestPack.testNgClass1" name="@AfterTest closeTheBrowser" time="-1.644578197842E9">
    <skipped/>
  </testcase> <!-- @AfterTest closeTheBrowser -->
  <testcase classname="TestPack.testNgClass1" name="toVerifyReportsButton" time="0.0">
    <skipped/>
  </testcase> <!-- toVerifyReportsButton -->
  <testcase classname="TestPack.testNgClass1" name="toVerifyTaskButton" time="0.0">
    <skipped/>
  </testcase> <!-- toVerifyTaskButton -->
</testsuite> <!-- Default test -->
